<?xml version="1.0" encoding="UTF-8"?>
<testsuite name="com.ashish.MathserviceSpec" tests="5" skipped="0" failures="0" errors="0" timestamp="2022-07-29T09:47:19" hostname="KING-ASK" time="0.196">
  <properties/>
  <testcase name="should compute 2 times 4" classname="com.ashish.MathserviceSpec" time="0.162"/>
  <testcase name="should compute 3 times 4" classname="com.ashish.MathserviceSpec" time="0.002"/>
  <testcase name="should add 5 and 6" classname="com.ashish.MathserviceSpec" time="0.007"/>
  <testcase name="should add 10 and 6" classname="com.ashish.MathserviceSpec" time="0.003"/>
  <testcase name="should add 5 and -1" classname="com.ashish.MathserviceSpec" time="0.003"/>
  <system-out><![CDATA[?[36m15:32:17.978?[0;39m ?[1;30m[Test worker]?[0;39m ?[34mINFO ?[0;39m ?[35mi.m.context.env.DefaultEnvironment?[0;39m - Established active environments: [test]
]]></system-out>
  <system-err><![CDATA[]]></system-err>
</testsuite>
